2022-10-14 12:19:42,678 - service.go - [line:34] - ERROR - failed create product error yo
2022-10-14 12:20:53,678 - service.go - [line:34] - ERROR - failed create product error yo
2022-10-14 12:21:36,678 - service.go - [line:34] - ERorr - failed create product error yo
2022-10-14 12:23:27,678 - service.go - [line:34] - Red: [0;31m red string None: [0m colorless string - failed create product error yo
2022-10-14 12:23:49,678 - service.go - [line:34] - [0;31m red string None: [0m colorless string - failed create product error yo
2022-10-14 12:25:35,678 - service.go - [line:34] - [0;31m ERROR None: [0m ▶ - failed create product error yo
2022-10-14 12:26:17,678 - service.go - [line:34] - [0;31m  ERROR: [0m ▶ - failed create product error yo
2022-10-14 12:26:56,678 - service.go - [line:34] - [0;31m  ERROR: [0m ▶ failed create product error yo
2022-10-14 12:27:22,678 - service.go - [line:34] - [0;31m  ERROR:[0m ▶ failed create product error yo
2022-10-14 12:27:34,678 - service.go - [line:34] - [0;31m  ERROR[0m ▶ failed create product error yo
2022-10-14 12:28:26,678 - service.go - [line:34] - [0;31m  [ERROR][0m ▶ failed create product error yo
2022-10-14 12:29:08,678 - service.go - [0;31m[line:34] - [0;31m  [ERROR][0m ▶ failed create product error yo
2022-10-14 12:29:34,678 - service.go - [0;36m[line:34] - [0;31m  [ERROR][0m ▶ failed create product error yo
2022-10-14 12:34:39,678 - service.go - [0;31m[line:34] - [31mERR[0m failed create product error yo
2022-10-14 12:35:01,678 - service.go - [line:34] - [31mERR[0m failed create product error yo
2022-10-14 12:37:00,678 - main.go - [line:18] - [33mWARN[0m 
2022-10-14 12:37:01,678 - main.go - [line:18] - [33mWARN[0m 
2022-10-14 12:37:04,678 - main.go - [line:18] - [33mWARN[0m warning
2022-10-14 12:37:11,678 - main.go - [line:18] - [33mWARN[0m warning
2022-10-14 12:38:30,678 - main.go - [line:18] - [33mWARN[0m msgwarning
2022-10-14 12:38:41,678 - main.go - [line:18] - [33mWARN[0m msg =>warning
2022-10-14 12:38:43,678 - main.go - [line:18] - [33mWARN[0m msg => warning
2022-10-14 12:38:56,678 - main.go - [line:18] - [33mWARN[0m msg=> warning
2022-10-14 12:39:12,678 - main.go - [line:18] - [33mWARN[0m msg : warning
2022-10-14 12:39:23,678 - main.go - [line:18] - [33mWARN[0m msg ▶  warning
2022-10-14 12:39:25,678 - main.go - [line:18] - [33mWARN[0m msg ▶warning
2022-10-14 12:39:37,678 - main.go - [line:18] - [33mWARN[0m msg ▶ warning
2022-10-14 12:39:52,678 - main.go - [line:18] - [33mWARN[0m msg ▶ warning
2022-10-14 12:40:05,678 - main.go - [line:18] - [33mWARN[0m msg ▶ warning
2022-10-14 12:40:10,678 - main.go - [line:18] - [33mWARN[0m msg ▶ warning
2022-10-14 12:40:16,678 - main.go - [line:18] - [32mINFO[0m msg ▶ warning
2022-10-14 12:40:57,678 - main.go - [line:18] - [32mINFO[0m msg ▶ warning
2022-10-14 12:41:02,678 - main.go - [line:18] - [32mINFO[0m msg ▶ warning
2022-10-14 12:41:07,678 - main.go - [line:18] - [32mINFO[0m msg ▶ warning
2022-10-14 12:42:13,678 - main.go - [line:18] - [31mERROR[0m msg ▶ warning
2022-10-14 12:42:22,678 - main.go - [line:18] - [33mWARN[0m msg ▶ warning
2022-10-14 12:43:28,678 - main.go - [line:41] - [33mWARN[0m msg ▶ warning
2022-10-14 12:43:43,678 - main.go - [line:41] - PANIC msg ▶ warning
2022-10-14 12:44:03,678 - main.go - [line:41] - [32mINFO[0m msg ▶ warning
